<?xml version="1.0" encoding="UTF-8"?>
<!-- Generated by org.testng.reporters.JUnitXMLReporter -->
<testsuite ignored="4" hostname="Anudeep" failures="0" tests="5" name="Test" time="13.218" errors="0" timestamp="2022-05-22T15:08:42 IST">
  <testcase classname="org.ecomm.tests.LoginTest" name="LaunchAppandValidatepage" time="0.164"/>
  <testcase classname="org.ecomm.tests.LoginTest" name="Navigatetologinpage" time="1.654"/>
  <testcase classname="org.ecomm.tests.LoginTest" name="LogintoApplication" time="3.369"/>
  <testcase classname="org.ecomm.tests.ProductsearchTest" name="SearchaProduct" time="1.825"/>
  <testcase classname="org.ecomm.tests.ProductsearchTest" name="clickSeconditem" time="6.155"/>
  <testcase classname="org.ecomm.Baseclass.BaseClass" name="@BeforeSuite loadProperties" time="0.0">
    <ignored/>
  </testcase> <!-- @BeforeSuite loadProperties -->
  <testcase classname="org.ecomm.Baseclass.BaseClass" name="@BeforeSuite launchWebDriver" time="0.0">
    <ignored/>
  </testcase> <!-- @BeforeSuite launchWebDriver -->
  <testcase classname="org.ecomm.Baseclass.BaseClass" name="@BeforeSuite launchapp" time="0.0">
    <ignored/>
  </testcase> <!-- @BeforeSuite launchapp -->
  <testcase classname="org.ecomm.Baseclass.BaseClass" name="@AfterSuite closebrowser" time="0.0">
    <ignored/>
  </testcase> <!-- @AfterSuite closebrowser -->
</testsuite> <!-- Test -->
