<?xml version="1.0" encoding="UTF-8"?>
<!-- Generated by org.testng.reporters.JUnitXMLReporter -->
<testsuite ignored="0" hostname="Anudeep" failures="0" tests="1" name="Test" time="0.039" errors="0" timestamp="2022-05-11T23:02:04 IST">
  <testcase classname="org.ecomm.Baseclass.BaseClass" name="@BeforeMethod launchapp" time="0.0">
    <failure type="java.lang.NullPointerException">
      <![CDATA[java.lang.NullPointerException
at org.ecomm.Baseclass.BaseClass.launchapp(BaseClass.java:57)
at java.base/java.util.ArrayList.forEach(ArrayList.java:1541)
... Removed 31 stack frames]]>
    </failure>
  </testcase> <!-- @BeforeMethod launchapp -->
  <testcase classname="org.ecomm.tests.LoginTest" name="LoginTestmethod" time="0.0">
    <skipped/>
  </testcase> <!-- LoginTestmethod -->
</testsuite> <!-- Test -->
