<?xml version="1.0" encoding="UTF-8"?>
<testng-results ignored="4" total="9" passed="5" failed="0" skipped="0">
  <reporter-output>
  </reporter-output>
  <suite started-at="2022-05-22T15:08:29 IST" name="Suite" finished-at="2022-05-22T15:08:42 IST" duration-ms="13218">
    <groups>
    </groups>
    <test started-at="2022-05-22T15:08:29 IST" name="Test" finished-at="2022-05-22T15:08:42 IST" duration-ms="13218">
      <class name="org.ecomm.tests.LoginTest">
        <test-method is-config="true" signature="loadProperties()[pri:0, instance:org.ecomm.tests.LoginTest@51c668e3]" started-at="2022-05-22T15:08:16 IST" name="loadProperties" finished-at="2022-05-22T15:08:16 IST" duration-ms="6" status="PASS">
          <reporter-output>
          </reporter-output>
        </test-method> <!-- loadProperties -->
        <test-method is-config="true" signature="launchWebDriver()[pri:0, instance:org.ecomm.tests.LoginTest@51c668e3]" started-at="2022-05-22T15:08:16 IST" name="launchWebDriver" finished-at="2022-05-22T15:08:19 IST" depends-on-methods="org.ecomm.Baseclass.BaseClass.loadProperties" duration-ms="2672" status="PASS">
          <reporter-output>
          </reporter-output>
        </test-method> <!-- launchWebDriver -->
        <test-method is-config="true" signature="launchapp()[pri:0, instance:org.ecomm.tests.LoginTest@51c668e3]" started-at="2022-05-22T15:08:19 IST" name="launchapp" finished-at="2022-05-22T15:08:29 IST" depends-on-methods="org.ecomm.Baseclass.BaseClass.launchWebDriver" duration-ms="9511" status="PASS">
          <reporter-output>
          </reporter-output>
        </test-method> <!-- launchapp -->
        <test-method signature="LaunchAppandValidatepage()[pri:1, instance:org.ecomm.tests.LoginTest@51c668e3]" started-at="2022-05-22T15:08:29 IST" name="LaunchAppandValidatepage" finished-at="2022-05-22T15:08:29 IST" duration-ms="164" status="PASS">
          <reporter-output>
          </reporter-output>
        </test-method> <!-- LaunchAppandValidatepage -->
        <test-method signature="Navigatetologinpage()[pri:2, instance:org.ecomm.tests.LoginTest@51c668e3]" started-at="2022-05-22T15:08:29 IST" name="Navigatetologinpage" finished-at="2022-05-22T15:08:30 IST" duration-ms="1654" status="PASS">
          <reporter-output>
          </reporter-output>
        </test-method> <!-- Navigatetologinpage -->
        <test-method signature="LogintoApplication()[pri:3, instance:org.ecomm.tests.LoginTest@51c668e3]" started-at="2022-05-22T15:08:30 IST" name="LogintoApplication" finished-at="2022-05-22T15:08:34 IST" duration-ms="3369" status="PASS">
          <reporter-output>
          </reporter-output>
        </test-method> <!-- LogintoApplication -->
        <test-method is-config="true" signature="closebrowser()[pri:0, instance:org.ecomm.tests.LoginTest@51c668e3]" started-at="2022-05-22T15:08:42 IST" name="closebrowser" finished-at="2022-05-22T15:08:43 IST" duration-ms="701" status="PASS">
          <reporter-output>
          </reporter-output>
        </test-method> <!-- closebrowser -->
      </class> <!-- org.ecomm.tests.LoginTest -->
      <class name="org.ecomm.tests.ProductsearchTest">
        <test-method signature="SearchaProduct()[pri:0, instance:org.ecomm.tests.ProductsearchTest@537f60bf]" started-at="2022-05-22T15:08:34 IST" name="SearchaProduct" finished-at="2022-05-22T15:08:36 IST" duration-ms="1825" status="PASS">
          <reporter-output>
          </reporter-output>
        </test-method> <!-- SearchaProduct -->
        <test-method signature="clickSeconditem()[pri:0, instance:org.ecomm.tests.ProductsearchTest@537f60bf]" started-at="2022-05-22T15:08:36 IST" name="clickSeconditem" finished-at="2022-05-22T15:08:42 IST" duration-ms="6155" status="PASS">
          <reporter-output>
          </reporter-output>
        </test-method> <!-- clickSeconditem -->
      </class> <!-- org.ecomm.tests.ProductsearchTest -->
    </test> <!-- Test -->
  </suite> <!-- Suite -->
</testng-results>
