<?xml version="1.0" encoding="UTF-8"?>
<testng-results ignored="0" total="1" passed="1" failed="0" skipped="0">
  <reporter-output>
  </reporter-output>
  <suite started-at="2022-05-11T23:27:57 IST" name="Default suite" finished-at="2022-05-11T23:28:26 IST" duration-ms="28951">
    <groups>
    </groups>
    <test started-at="2022-05-11T23:27:57 IST" name="Default test" finished-at="2022-05-11T23:28:26 IST" duration-ms="28951">
      <class name="org.ecomm.tests.LoginTest">
        <test-method is-config="true" signature="launchWebDriver()[pri:0, instance:org.ecomm.tests.LoginTest@5d534f5d]" started-at="2022-05-11T23:27:52 IST" name="launchWebDriver" finished-at="2022-05-11T23:27:57 IST" duration-ms="4858" status="PASS">
          <reporter-output>
          </reporter-output>
        </test-method> <!-- launchWebDriver -->
        <test-method is-config="true" signature="loadProperties()[pri:0, instance:org.ecomm.tests.LoginTest@5d534f5d]" started-at="2022-05-11T23:27:57 IST" name="loadProperties" finished-at="2022-05-11T23:27:57 IST" duration-ms="1" status="PASS">
          <reporter-output>
          </reporter-output>
        </test-method> <!-- loadProperties -->
        <test-method is-config="true" signature="launchapp()[pri:0, instance:org.ecomm.tests.LoginTest@5d534f5d]" started-at="2022-05-11T23:27:57 IST" name="launchapp" finished-at="2022-05-11T23:28:10 IST" duration-ms="13357" status="PASS">
          <reporter-output>
          </reporter-output>
        </test-method> <!-- launchapp -->
        <test-method signature="LoginTestmethod()[pri:0, instance:org.ecomm.tests.LoginTest@5d534f5d]" started-at="2022-05-11T23:28:10 IST" name="LoginTestmethod" finished-at="2022-05-11T23:28:26 IST" duration-ms="15509" status="PASS">
          <reporter-output>
          </reporter-output>
        </test-method> <!-- LoginTestmethod -->
        <test-method is-config="true" signature="closebrowser()[pri:0, instance:org.ecomm.tests.LoginTest@5d534f5d]" started-at="2022-05-11T23:28:26 IST" name="closebrowser" finished-at="2022-05-11T23:28:26 IST" duration-ms="797" status="PASS">
          <reporter-output>
          </reporter-output>
        </test-method> <!-- closebrowser -->
      </class> <!-- org.ecomm.tests.LoginTest -->
    </test> <!-- Default test -->
  </suite> <!-- Default suite -->
</testng-results>
